[debug] [2025-05-14T02:00:06.116Z] ----------------------------------------------------------------------
[debug] [2025-05-14T02:00:06.118Z] Command:       /Users/victor/.nvm/versions/node/v23.10.0/bin/node /Users/victor/.nvm/versions/node/v23.10.0/bin/firebase init
[debug] [2025-05-14T02:00:06.118Z] CLI Version:   14.3.1
[debug] [2025-05-14T02:00:06.118Z] Platform:      darwin
[debug] [2025-05-14T02:00:06.118Z] Node Version:  v23.10.0
[debug] [2025-05-14T02:00:06.119Z] Time:          Wed May 14 2025 09:00:06 GMT+0700 (Indochina Time)
[debug] [2025-05-14T02:00:06.119Z] ----------------------------------------------------------------------
[debug] 
[debug] [2025-05-14T02:00:06.120Z] >>> [apiv2][query] GET https://firebase-public.firebaseio.com/cli.json [none]
[debug] [2025-05-14T02:00:06.146Z] > command requires scopes: ["email","openid","https://www.googleapis.com/auth/cloudplatformprojects.readonly","https://www.googleapis.com/auth/firebase","https://www.googleapis.com/auth/cloud-platform"]
[debug] [2025-05-14T02:00:06.146Z] > authorizing via signed-in user (khovtyv@gmail.com)
[info] 
     ######## #### ########  ######## ########     ###     ######  ########
     ##        ##  ##     ## ##       ##     ##  ##   ##  ##       ##
     ######    ##  ########  ######   ########  #########  ######  ######
     ##        ##  ##    ##  ##       ##     ## ##     ##       ## ##
     ##       #### ##     ## ######## ########  ##     ##  ######  ########

You're about to initialize a Firebase project in this directory:

  /Users/victor/Desktop/Developer/khmer-hot-honey

[debug] [2025-05-14T02:00:06.724Z] <<< [apiv2][status] GET https://firebase-public.firebaseio.com/cli.json 200
[debug] [2025-05-14T02:00:06.725Z] <<< [apiv2][body] GET https://firebase-public.firebaseio.com/cli.json {"cloudBuildErrorAfter":1594252800000,"cloudBuildWarnAfter":1590019200000,"defaultNode10After":1594252800000,"minVersion":"3.0.5","node8DeploysDisabledAfter":1613390400000,"node8RuntimeDisabledAfter":1615809600000,"node8WarnAfter":1600128000000}
[debug] [2025-05-14T02:00:19.789Z] ExitPromptError: User force closed the prompt with SIGINT
    at Interface.sigint (/Users/victor/.nvm/versions/node/v23.10.0/lib/node_modules/firebase-tools/node_modules/@inquirer/core/dist/commonjs/lib/create-prompt.js:100:37)
    at Interface.emit (node:events:507:28)
    at Interface.emit (node:domain:489:12)
    at [_ttyWrite] [as _ttyWrite] (node:internal/readline/interface:1129:18)
    at ReadStream.onkeypress (node:internal/readline/interface:268:20)
    at ReadStream.emit (node:events:519:35)
    at ReadStream.emit (node:domain:489:12)
    at emitKeys (node:internal/readline/utils:370:14)
    at emitKeys.next (<anonymous>)
    at ReadStream.onData (node:internal/readline/emitKeypressEvents:64:36)
[error] 
[error] Error: An unexpected error has occurred.
